<?xml version="1.0" encoding="UTF-8"?>
<!-- Generated by org.testng.reporters.JUnitReportReporter -->
<testsuite hostname="zhidongmei-NPC" name="infocenter.test.operatemanage.OperatControlTest" tests="2" failures="0" timestamp="6 Dec 2016 10:11:12 GMT" time="24.843" errors="0">
  <testcase name="queryDataByConditions" time="12.751" classname="infocenter.test.operatemanage.OperatControlTest"/>
  <testcase name="login" time="12.092" classname="infocenter.test.operatemanage.OperatControlTest"/>
</testsuite> <!-- infocenter.test.operatemanage.OperatControlTest -->
