<?xml version="1.0" encoding="UTF-8"?>
<!-- Generated by org.testng.reporters.JUnitReportReporter -->
<testsuite hostname="zhidongmei-NPC" name="webservice.test.test" tests="1" failures="0" timestamp="3 Nov 2016 10:13:55 GMT" time="0.377" errors="0">
  <testcase name="testService" time="0.377" classname="webservice.test.test"/>
</testsuite> <!-- webservice.test.test -->
