<?xml version="1.0" encoding="UTF-8"?>
<!-- Generated by org.testng.reporters.JUnitReportReporter -->
<testsuite hostname="zhidongmei-NPC" name="webservice.test.ScreenTest" tests="2" failures="0" timestamp="11 Nov 2016 03:17:30 GMT" time="0.442" errors="0">
  <testcase name="testScreenParameter" time="0.119" classname="webservice.test.ScreenTest"/>
  <testcase name="testScreenParameter" time="0.323" classname="webservice.test.ScreenTest"/>
</testsuite> <!-- webservice.test.ScreenTest -->
