<?xml version="1.0" encoding="UTF-8"?>
<!-- Generated by org.testng.reporters.JUnitReportReporter -->
<testsuite hostname="zhidongmei-NPC" name="oilreport.test.QueryOilInfoTest" tests="4" failures="0" timestamp="31 Oct 2016 09:57:34 GMT" time="65.243" errors="0">
  <testcase name="queryByCompName" time="24.575" classname="oilreport.test.QueryOilInfoTest"/>
  <testcase name="queryByCompName" time="14.616" classname="oilreport.test.QueryOilInfoTest"/>
  <testcase name="queryAllQilInfo" time="7.095" classname="oilreport.test.QueryOilInfoTest"/>
  <testcase name="login" time="18.957" classname="oilreport.test.QueryOilInfoTest"/>
</testsuite> <!-- oilreport.test.QueryOilInfoTest -->
