<?xml version="1.0" encoding="UTF-8"?>
<!-- Generated by org.testng.reporters.JUnitReportReporter -->
<testsuite hostname="Lenovo-PC" name="infocenter.test.LoginTest" tests="1" failures="0" timestamp="19 Feb 2017 09:58:55 GMT" time="6.542" errors="0">
  <testcase name="login" time="6.542" classname="infocenter.test.LoginTest"/>
</testsuite> <!-- infocenter.test.LoginTest -->
