<?xml version="1.0" encoding="UTF-8"?>
<!-- Generated by org.testng.reporters.JUnitReportReporter -->
<testsuite hostname="zhidongmei-NPC" name="webservice.test.ConcurrentTest" tests="1" failures="0" timestamp="9 Jan 2017 09:20:57 GMT" time="0.008" errors="0">
  <testcase name="checkFrenquency" time="0.008" classname="webservice.test.ConcurrentTest"/>
</testsuite> <!-- webservice.test.ConcurrentTest -->
