<?xml version="1.0" encoding="UTF-8"?>
<!-- Generated by org.testng.reporters.JUnitReportReporter -->
<testsuite hostname="zhidongmei-NPC" name="infocenter.test.operatemanage.IssueLogTest" tests="2" failures="0" timestamp="6 Dec 2016 10:11:12 GMT" time="32.214" errors="0">
  <testcase name="queryLogsByConditions" time="14.030" classname="infocenter.test.operatemanage.IssueLogTest"/>
  <testcase name="login" time="18.184" classname="infocenter.test.operatemanage.IssueLogTest"/>
</testsuite> <!-- infocenter.test.operatemanage.IssueLogTest -->
